<?xml version="1.0" encoding="UTF-8"?>
<testng-results ignored="0" total="2" passed="2" failed="0" skipped="0">
  <reporter-output>
  </reporter-output>
  <suite started-at="2021-08-21T10:11:06 IST" name="Parallel Testing Suite" finished-at="2021-08-21T10:11:29 IST" duration-ms="23312">
    <groups>
    </groups>
    <test started-at="2021-08-21T10:11:06 IST" name="Parallel Tests" finished-at="2021-08-21T10:11:29 IST" duration-ms="23312">
      <class name="ParallelTest">
        <test-method signature="ChromeTest()[pri:0, instance:ParallelTest@22e357dc]" started-at="2021-08-21T10:11:06 IST" name="ChromeTest" finished-at="2021-08-21T10:11:19 IST" duration-ms="12931" status="PASS">
          <reporter-output>
          </reporter-output>
        </test-method> <!-- ChromeTest -->
        <test-method signature="FirefoxTest()[pri:0, instance:ParallelTest@22e357dc]" started-at="2021-08-21T10:11:06 IST" name="FirefoxTest" finished-at="2021-08-21T10:11:29 IST" duration-ms="23229" status="PASS">
          <reporter-output>
          </reporter-output>
        </test-method> <!-- FirefoxTest -->
      </class> <!-- ParallelTest -->
    </test> <!-- Parallel Tests -->
  </suite> <!-- Parallel Testing Suite -->
</testng-results>
